+----------------------------------------+
| fitting 1.003 11.01.2010       F. Kern |
+----------------------------------------+

Aufruf: D:\SRC\SRC_A\kalib\fitting.exe derletztekick_02.ellipse -Tellipse -oderletztekick_02.erg 

#observed values = 10
#unknown values  = 5
damping = 1.000000: successfull approximation after 3 iterations
ellipse: xm=[595.526870 80.732916] theta=-80.824147 gon A=99.932814 B=45.330769 
Sigma_xx =
 6.383035e+02  3.823127e+02 -1.459390e-01 -4.626524e+02 -1.226260e+02 
 3.823127e+02  2.295925e+02 -9.046425e-02 -2.768591e+02 -7.345177e+01 
-1.459390e-01 -9.046425e-02  5.063838e-05  1.077394e-01  2.953062e-02 
-4.626524e+02 -2.768591e+02  1.077394e-01  3.564215e+02  9.827873e+01 
-1.226260e+02 -7.345177e+01  2.953062e-02  9.827873e+01  2.776941e+01 
Korrelationsmatrix
   25.264669  100.000   99.868  -81.174  -96.997  -92.105 
   15.152309     .     100.000  -83.899  -96.783  -91.990 
    0.007116     .        .     100.000   80.196   78.750 
   18.879128     .        .        .     100.000   98.786 
    5.269669     .        .        .        .     100.000 
total runing time: 0.006163 sec.
