+----------------------------------------+
| fitting 1.003 11.01.2010       F. Kern |
+----------------------------------------+

Aufruf: D:\SRC\SRC_A\kalib\fitting.exe derletztekick_01.ellipse -Tellipse -oderletztekick_01.erg 

#observed values = 8
#unknown values  = 5
damping = 1.000000: successfull approximation after 3 iterations
ellipse: xm=[180.000005 150.000007] theta=50.000014 gon A=144.999969 B=75.000012 
Sigma_xx =
 1.200296e-08  1.075637e-08 -8.432186e-10  1.964167e-08  2.221211e-09 
 1.075637e-08  1.013985e-08 -8.170213e-10  1.763564e-08  1.938597e-09 
-8.432186e-10 -8.170213e-10  7.428140e-11 -1.401530e-09 -1.622826e-10 
 1.964167e-08  1.763564e-08 -1.401530e-09  3.262021e-08  3.890399e-09 
 2.221211e-09  1.938597e-09 -1.622826e-10  3.890399e-09  5.760954e-10 
Korrelationsmatrix
    0.000110  100.000   97.500  -89.301   99.264   84.469 
    0.000101     .     100.000  -94.141   96.969   80.209 
    0.000009     .        .     100.000  -90.037  -78.449 
    0.000181     .        .        .     100.000   89.744 
    0.000024     .        .        .        .     100.000 
total runing time: 0.004335 sec.
