+----------------------------------------+
| fitting 1.003 11.01.2010       F. Kern |
+----------------------------------------+

Aufruf: D:\SRC\SRC_A\kalib\fitting.exe ellipse1_schlecht.txt -Tellipse -oellipse1_schlecht.erg 

#observed values = 514
#unknown values  = 5
damping = 1.000000: successfull approximation after 3 iterations
ellipse: xm=[263.463061 199.618388] theta=112.926030 gon A=146.182678 B=109.163704 
Sigma_xx =
 1.345128e-01 -3.481099e-01  1.060331e-03  1.221021e-01 -4.123994e-03 
-3.481099e-01  9.362420e-01 -2.798546e-03 -2.164311e-01  7.785957e-02 
 1.060331e-03 -2.798546e-03  1.255849e-05  5.366279e-04 -7.053864e-04 
 1.221021e-01 -2.164311e-01  5.366279e-04  1.016936e+00  6.032344e-01 
-4.123994e-03  7.785957e-02 -7.053864e-04  6.032344e-01  4.449359e-01 
Korrelationsmatrix
    0.366760  100.000  -98.094   81.581   33.014   -1.686 
    0.967596     .     100.000  -81.615  -22.181   12.063 
    0.003544     .        .     100.000   15.016  -29.841 
    1.008432     .        .        .     100.000   89.679 
    0.667035     .        .        .        .     100.000 
total runing time: 0.004795 sec.
