+------------------------------------------------------+
| Fitting v1.0.2 14.01.2010 F. Kern (www.i3mainz.fh-mainz.de)
+------------------------------------------------------+

Aufruf: D:\src\github\fitting\fitting.exe ellipse1_gut.txt -Tellipse -oellipse1_gut.erg 

#observed values = 465
#unknown values  = 5
damping = 1.000000: successfull approximation after 3 iterations
ellipse: xm=[260.633076 207.050460] theta=119.659507 gon A=135.140495 B=117.924777 
Sigma_xx =
 3.898896e-03 -7.250848e-03  1.562726e-05  4.254604e-03  2.338717e-03 
-7.250848e-03  1.786001e-02 -7.815557e-05 -1.187322e-02 -3.364520e-03 
 1.562726e-05 -7.815557e-05  6.514931e-07  6.764786e-05  2.989218e-07 
 4.254604e-03 -1.187322e-02  6.764786e-05  2.990530e-02  1.649167e-02 
 2.338717e-03 -3.364520e-03  2.989218e-07  1.649167e-02  1.192065e-02 
Korrelationsmatrix
    0.062441  100.000  -86.891   31.007   39.402   34.305 
    0.133641     .     100.000  -72.454  -51.375  -23.059 
    0.000807     .        .     100.000   48.465    0.339 
    0.172931     .        .        .     100.000   87.345 
    0.109182     .        .        .        .     100.000 
total runing time: 0.005747 sec.
