+------------------------------------------------------+
| Fitting v1.0.2 14.01.2010 F. Kern (www.i3mainz.fh-mainz.de)
+------------------------------------------------------+

Aufruf: D:\src\github\fitting\fitting.exe kreisrand.pts -Tellipse -okreisrand.erg 

#observed values = 948
#unknown values  = 5
damping = 1.000000: successfull approximation after 3 iterations
ellipse: xm=[-0.992855 -2.510584] theta=50.160867 gon A=0.208244 B=0.000694 
Sigma_xx =
 1.664411e+03 -1.656021e+03  1.175092e-02 -1.733532e+03 -6.382507e+00 
-1.656021e+03  1.647673e+03 -1.169168e-02  1.724793e+03  6.350333e+00 
 1.175092e-02 -1.169168e-02  8.300451e-08 -1.223239e-02 -4.503700e-05 
-1.733532e+03  1.724793e+03 -1.223239e-02  1.813187e+03  6.676549e+00 
-6.382507e+00  6.350333e+00 -4.503700e-05  6.676549e+00  2.458460e-02 
Korrelationsmatrix
   40.797191  100.000 -100.000   99.975  -99.788  -99.777 
   40.591536     .     100.000  -99.975   99.788   99.777 
    0.000288     .        .     100.000  -99.710  -99.698 
   42.581529     .        .        .     100.000  100.000 
    0.156795     .        .        .        .     100.000 
total runing time: 0.009646 sec.
