+----------------------------------------+
| fitting 1.003 11.01.2010       F. Kern |
+----------------------------------------+

Aufruf: D:\SRC\SRC_A\kalib\fitting.exe linda.ellipse -Tellipse -olinda.erg 

#observed values = 195
#unknown values  = 5
damping = 1.000000: successfull approximation after 3 iterations
ellipse: xm=[0.261995 0.021804] theta=108.121942 gon A=0.482050 B=0.515364 
Sigma_xx =
 1.019659e-07 -6.582859e-09  3.694905e-09 -1.054879e-09 -4.005221e-09 
-6.582859e-09  6.565702e-08 -8.666169e-08 -2.635893e-10 -3.247241e-10 
 3.694905e-09 -8.666169e-08  7.258435e-05 -4.516057e-07 -1.350672e-07 
-1.054879e-09 -2.635893e-10 -4.516057e-07  1.016528e-07 -4.338060e-08 
-4.005221e-09 -3.247241e-10 -1.350672e-07 -4.338060e-08  1.589984e-07 
Korrelationsmatrix
    0.000319  100.000   -8.045    0.136   -1.036   -3.146 
    0.000256     .     100.000   -3.970   -0.323   -0.318 
    0.008520     .        .     100.000  -16.626   -3.976 
    0.000319     .        .        .     100.000  -34.122 
    0.000399     .        .        .        .     100.000 
total runing time: 0.002953 sec.
